<?xml version="1.0" encoding="utf-8"?><testsuites name="pytest tests"><testsuite name="pytest" errors="0" failures="1" skipped="0" tests="4" time="0.715" timestamp="2026-07-02T23:20:43.212116+00:00" hostname="agent-env-df0a6413-e00c-4066-a98f-854c50facfe4"><testcase classname="backend.tests.test_leads" name="test_root" time="0.280" /><testcase classname="backend.tests.test_leads" name="test_create_lead_and_persist" time="0.121"><failure message="AssertionError: assert ('id' in {'_id': '6a46f24b4abd34d48d05fac7', 'name': 'TEST_Lead', 'email': 'test_lead@example.com', 'service': 'Premium Website', ...})">backend/tests/test_leads.py:35: in test_create_lead_and_persist
    assert "id" in data and data["id"]
E   AssertionError: assert ('id' in {'_id': '6a46f24b4abd34d48d05fac7', 'name': 'TEST_Lead', 'email': 'test_lead@example.com', 'service': 'Premium Website', ...})</failure></testcase><testcase classname="backend.tests.test_leads" name="test_invalid_email" time="0.105" /><testcase classname="backend.tests.test_leads" name="test_missing_fields" time="0.127" /></testsuite></testsuites>